<?xml version="1.0" encoding="UTF-8"?>
<!-- Generated by org.testng.reporters.JUnitReportReporter -->
<testsuite skipped="0" hostname="DESKTOP-T88K82E" name="Admin_Module.Login_Functionality$Login1" tests="1" failures="0" timestamp="21 Mar 2020 05:56:54 GMT" time="23.657" errors="0">
  <testcase name="LoginPage" time="23.657" classname="Admin_Module.Login_Functionality$Login1"/>
</testsuite> <!-- Admin_Module.Login_Functionality$Login1 -->
