<?xml version="1.0" encoding="UTF-8"?>
<!-- Generated by org.testng.reporters.JUnitReportReporter -->
<testsuite skipped="0" hostname="DESKTOP-T88K82E" name="GSTR1.Dashboard" tests="1" failures="0" timestamp="21 Feb 2019 06:41:50 GMT" time="3.778" errors="0">
  <testcase name="DashboardPage" time="3.778" classname="GSTR1.Dashboard"/>
</testsuite> <!-- GSTR1.Dashboard -->
