<?xml version="1.0" encoding="UTF-8"?>
<!-- Generated by org.testng.reporters.JUnitReportReporter -->
<testsuite skipped="0" hostname="DESKTOP-T88K82E" name="GSTR1.View_GSTR1_Invoice" tests="2" failures="0" timestamp="21 Feb 2019 06:41:50 GMT" time="38.794" errors="0">
  <testcase name="Gstr_1Details" time="33.649" classname="GSTR1.View_GSTR1_Invoice"/>
  <testcase name="B2B_View" time="5.145" classname="GSTR1.View_GSTR1_Invoice"/>
</testsuite> <!-- GSTR1.View_GSTR1_Invoice -->
