<?xml version="1.0" encoding="UTF-8"?>
<!-- Generated by org.testng.reporters.JUnitReportReporter -->
<testsuite skipped="0" hostname="DESKTOP-U4UFQUC" name="Rough.Rough2" tests="2" failures="0" timestamp="03 Oct 2019 06:26:05 GMT" time="12.520" errors="0">
  <testcase name="Login" time="12.356" classname="Rough.Rough2"/>
  <testcase name="companySelection" time="0.164" classname="Rough.Rough2"/>
</testsuite> <!-- Rough.Rough2 -->
