<?xml version="1.0" encoding="UTF-8"?>
<!-- Generated by org.testng.reporters.JUnitReportReporter -->
<testsuite skipped="0" hostname="DESKTOP-T88K82E" name="GOVGSTINSTATUS.GSTINSTATUS$Pansearch" tests="1" failures="0" timestamp="22 Apr 2019 12:28:32 GMT" time="1038.042" errors="0">
  <testcase name="PANSEARCH" time="1038.042" classname="GOVGSTINSTATUS.GSTINSTATUS$Pansearch"/>
</testsuite> <!-- GOVGSTINSTATUS.GSTINSTATUS$Pansearch -->
