<?xml version="1.0" encoding="UTF-8"?>
<!-- Generated by org.testng.reporters.JUnitReportReporter -->
<testsuite skipped="0" hostname="DESKTOP-U4UFQUC" name="Rough.Rough1" tests="1" failures="0" timestamp="16 Sep 2019 06:14:55 GMT" time="61.568" errors="0">
  <testcase name="LoginPage" time="61.568" classname="Rough.Rough1"/>
</testsuite> <!-- Rough.Rough1 -->
