<?xml version="1.0" encoding="UTF-8"?>
<!-- Generated by org.testng.reporters.JUnitReportReporter -->
<testsuite skipped="0" hostname="DESKTOP-T88K82E" name="Recon.RBL_Recon" tests="2" failures="0" timestamp="03 Oct 2019 11:30:13 GMT" time="17.174" errors="0">
  <testcase name="Login" time="6.758" classname="Recon.RBL_Recon"/>
  <testcase name="Company_Select" time="10.416" classname="Recon.RBL_Recon"/>
</testsuite> <!-- Recon.RBL_Recon -->
