<?xml version="1.0" encoding="UTF-8"?>
<!-- Generated by org.testng.reporters.JUnitReportReporter -->
<testsuite skipped="0" hostname="DESKTOP-T88K82E" name="GSTR1.Login" tests="1" failures="0" timestamp="14 Jun 2019 09:24:44 GMT" time="2.297" errors="0">
  <testcase name="LoginPage" time="2.297" classname="GSTR1.Login"/>
</testsuite> <!-- GSTR1.Login -->
