<?xml version="1.0" encoding="UTF-8"?>
<!-- Generated by org.testng.reporters.JUnitReportReporter -->
<testsuite skipped="0" hostname="DESKTOP-T88K82E" name="GSTR1.File_GSTR1" tests="3" failures="0" timestamp="21 Feb 2019 06:41:50 GMT" time="42.485" errors="0">
  <testcase name="upload" time="8.506" classname="GSTR1.File_GSTR1"/>
  <testcase name="fileselection" time="23.827" classname="GSTR1.File_GSTR1"/>
  <testcase name="uploadfiletype" time="10.152" classname="GSTR1.File_GSTR1"/>
</testsuite> <!-- GSTR1.File_GSTR1 -->
