<?xml version="1.0" encoding="UTF-8"?>
<!-- Generated by org.testng.reporters.JUnitReportReporter -->
<testsuite skipped="0" hostname="DESKTOP-U4UFQUC" name="Rough.Rough1" tests="1" failures="0" timestamp="26 Sep 2019 09:24:42 GMT" time="36.426" errors="0">
  <testcase name="LoginPage" time="36.426" classname="Rough.Rough1"/>
</testsuite> <!-- Rough.Rough1 -->
