<?xml version="1.0" encoding="UTF-8"?>
<!-- Generated by org.testng.reporters.JUnitReportReporter -->
<testsuite skipped="0" hostname="DESKTOP-T88K82E" name="reconciliation.ReconciliationProduct" tests="4" failures="0" timestamp="22 Oct 2019 08:38:08 GMT" time="93.594" errors="0">
  <testcase name="Login" time="79.830" classname="reconciliation.ReconciliationProduct"/>
  <testcase name="companySelection" time="7.439" classname="reconciliation.ReconciliationProduct"/>
  <testcase name="ReconProduct" time="4.208" classname="reconciliation.ReconciliationProduct"/>
  <testcase name="periodforRecon" time="2.117" classname="reconciliation.ReconciliationProduct"/>
</testsuite> <!-- reconciliation.ReconciliationProduct -->
