<?xml version="1.0" encoding="UTF-8"?>
<!-- Generated by org.testng.reporters.JUnitReportReporter -->
<testsuite skipped="0" hostname="DESKTOP-U4UFQUC" name="TestCase.LoginTest" tests="1" failures="0" timestamp="11 Feb 2019 04:51:42 GMT" time="17.504" errors="0">
  <testcase name="Login" time="17.504" classname="TestCase.LoginTest"/>
</testsuite> <!-- TestCase.LoginTest -->
