<?xml version="1.0" encoding="UTF-8"?>
<!-- Generated by org.testng.reporters.JUnitReportReporter -->
<testsuite skipped="0" hostname="DESKTOP-T88K82E" name="GOVGSTINSTATUS.GSTINSTATUS" tests="1" failures="0" timestamp="23 Apr 2019 11:30:58 GMT" time="540.704" errors="0">
  <testcase name="PANSEARCH" time="540.704" classname="GOVGSTINSTATUS.GSTINSTATUS"/>
</testsuite> <!-- GOVGSTINSTATUS.GSTINSTATUS -->
