<?xml version="1.0" encoding="UTF-8"?>
<!-- Generated by org.testng.reporters.JUnitReportReporter -->
<testsuite skipped="0" hostname="DESKTOP-T88K82E" name="GSTR1.Login" tests="1" failures="0" timestamp="16 Apr 2019 13:08:07 GMT" time="31.383" errors="0">
  <testcase name="LoginPage" time="31.383" classname="GSTR1.Login"/>
</testsuite> <!-- GSTR1.Login -->
