<?xml version="1.0" encoding="UTF-8"?>
<!-- Generated by org.testng.reporters.JUnitReportReporter -->
<testsuite skipped="0" hostname="DESKTOP-T88K82E" name="Recon.RBL_Recon" tests="2" failures="0" timestamp="30 Sep 2019 05:22:39 GMT" time="43.296" errors="0">
  <testcase name="Login" time="28.238" classname="Recon.RBL_Recon"/>
  <testcase name="Company_Select" time="15.058" classname="Recon.RBL_Recon"/>
</testsuite> <!-- Recon.RBL_Recon -->
