<?xml version="1.0" encoding="UTF-8"?>
<!-- Generated by org.testng.reporters.JUnitReportReporter -->
<testsuite skipped="0" hostname="DESKTOP-T88K82E" name="GOVGSTINSTATUS.GSTINSTATUS" tests="1" failures="0" timestamp="08 Jan 2020 14:02:58 GMT" time="29664.201" errors="0">
  <testcase name="PANSEARCH" time="29664.201" classname="GOVGSTINSTATUS.GSTINSTATUS"/>
</testsuite> <!-- GOVGSTINSTATUS.GSTINSTATUS -->
