<?xml version="1.0" encoding="UTF-8"?>
<!-- Generated by org.testng.reporters.JUnitReportReporter -->
<testsuite skipped="0" hostname="DESKTOP-T88K82E" name="ICEGATE.IceGateLogin$IcegateLogin1" tests="1" failures="0" timestamp="17 Apr 2019 07:10:47 GMT" time="33.408" errors="0">
  <testcase name="Icegateloginpage" time="33.408" classname="ICEGATE.IceGateLogin$IcegateLogin1"/>
</testsuite> <!-- ICEGATE.IceGateLogin$IcegateLogin1 -->
