<?xml version="1.0" encoding="UTF-8"?>
<!-- Generated by org.testng.reporters.JUnitReportReporter -->
<testsuite skipped="0" hostname="DESKTOP-T88K82E" name="Admin_Module.Login_Functionality$Login1" tests="1" failures="0" timestamp="16 Apr 2019 13:08:07 GMT" time="31.430" errors="0">
  <testcase name="LoginPage" time="31.430" classname="Admin_Module.Login_Functionality$Login1"/>
</testsuite> <!-- Admin_Module.Login_Functionality$Login1 -->
