<?xml version="1.0" encoding="UTF-8"?>
<!-- Generated by org.testng.reporters.JUnitReportReporter -->
<testsuite skipped="0" hostname="DESKTOP-U4UFQUC" name="GSTR1.Login" tests="1" failures="0" timestamp="20 Sep 2019 09:55:28 GMT" time="34.042" errors="0">
  <testcase name="LoginPage" time="34.042" classname="GSTR1.Login"/>
</testsuite> <!-- GSTR1.Login -->
