<?xml version="1.0" encoding="UTF-8"?>
<!-- Generated by org.testng.reporters.JUnitReportReporter -->
<testsuite skipped="0" hostname="DESKTOP-T88K82E" name="GSTR1.E_filing" tests="1" failures="0" timestamp="21 Feb 2019 06:41:50 GMT" time="0.685" errors="0">
  <testcase name="efiling" time="0.685" classname="GSTR1.E_filing"/>
</testsuite> <!-- GSTR1.E_filing -->
