<?xml version="1.0" encoding="UTF-8"?>
<!-- Generated by org.testng.reporters.JUnitReportReporter -->
<testsuite skipped="0" hostname="DESKTOP-T88K82E" name="GSTR1.Companyselection" tests="1" failures="0" timestamp="15 Feb 2019 09:58:35 GMT" time="0.275" errors="0">
  <testcase name="LOC" time="0.275" classname="GSTR1.Companyselection"/>
</testsuite> <!-- GSTR1.Companyselection -->
