<?xml version="1.0" encoding="UTF-8"?>
<!-- Generated by org.testng.reporters.JUnitReportReporter -->
<testsuite skipped="0" hostname="DESKTOP-T88K82E" name="TestCase.Companyselection" tests="1" failures="0" timestamp="12 Feb 2019 12:21:12 GMT" time="0.435" errors="0">
  <testcase name="LOC" time="0.435" classname="TestCase.Companyselection"/>
</testsuite> <!-- TestCase.Companyselection -->
