<?xml version="1.0" encoding="UTF-8"?>
<!-- Generated by org.testng.reporters.JUnitReportReporter -->
<testsuite skipped="0" hostname="DESKTOP-T88K82E" name="TestCase.Login" tests="1" failures="0" timestamp="12 Feb 2019 12:21:12 GMT" time="2.358" errors="0">
  <testcase name="LoginPage" time="2.358" classname="TestCase.Login"/>
</testsuite> <!-- TestCase.Login -->
