<?xml version="1.0" encoding="UTF-8"?>
<!-- Generated by org.testng.reporters.JUnitReportReporter -->
<testsuite skipped="0" hostname="DESKTOP-U4UFQUC" name="GSTR1.Upload" tests="1" failures="0" timestamp="27 Sep 2019 10:44:10 GMT" time="54.069" errors="0">
  <testcase name="purchaseUpload" time="54.069" classname="GSTR1.Upload"/>
</testsuite> <!-- GSTR1.Upload -->
