<?xml version="1.0" encoding="UTF-8"?>
<!-- Generated by org.testng.reporters.JUnitReportReporter -->
<testsuite skipped="0" hostname="DESKTOP-U4UFQUC" name="Admin_Module.Login_Functionality$Login1" tests="1" failures="0" timestamp="10 Sep 2019 10:53:42 GMT" time="30.431" errors="0">
  <testcase name="LoginPage" time="30.431" classname="Admin_Module.Login_Functionality$Login1"/>
</testsuite> <!-- Admin_Module.Login_Functionality$Login1 -->
