<?xml version="1.0" encoding="UTF-8"?>
<!-- Generated by org.testng.reporters.JUnitReportReporter -->
<testsuite skipped="0" hostname="DESKTOP-T88K82E" name="Recon.RBL_Recon" tests="3" failures="0" timestamp="11 Oct 2019 05:21:03 GMT" time="160.160" errors="0">
  <testcase name="Login" time="147.916" classname="Recon.RBL_Recon"/>
  <testcase name="Company_Select" time="10.227" classname="Recon.RBL_Recon"/>
  <testcase name="periodforRecon" time="2.017" classname="Recon.RBL_Recon"/>
</testsuite> <!-- Recon.RBL_Recon -->
