<?xml version="1.0" encoding="UTF-8"?>
<!-- Generated by org.testng.reporters.JUnitReportReporter -->
<testsuite skipped="0" hostname="DESKTOP-T88K82E" name="Admin_Module.Login_Functionality$Login1" tests="1" failures="0" timestamp="25 Sep 2019 11:07:25 GMT" time="44.296" errors="0">
  <testcase name="LoginPage" time="44.296" classname="Admin_Module.Login_Functionality$Login1"/>
</testsuite> <!-- Admin_Module.Login_Functionality$Login1 -->
