<?xml version="1.0" encoding="UTF-8"?>
<!-- Generated by org.testng.reporters.JUnitReportReporter -->
<testsuite skipped="0" hostname="DESKTOP-U4UFQUC" name="reconciliation.ReconciliationProduct" tests="4" failures="0" timestamp="03 Oct 2019 11:24:45 GMT" time="61.344" errors="0">
  <testcase name="Login" time="16.568" classname="reconciliation.ReconciliationProduct"/>
  <testcase name="companySelection" time="3.547" classname="reconciliation.ReconciliationProduct"/>
  <testcase name="ReconProduct" time="7.515" classname="reconciliation.ReconciliationProduct"/>
  <testcase name="periodforRecon" time="33.714" classname="reconciliation.ReconciliationProduct"/>
</testsuite> <!-- reconciliation.ReconciliationProduct -->
