<?xml version="1.0" encoding="UTF-8"?>
<!-- Generated by org.testng.reporters.JUnitReportReporter -->
<testsuite skipped="0" hostname="DESKTOP-U4UFQUC" name="Rough.Rough1" tests="1" failures="0" timestamp="18 Sep 2019 06:48:28 GMT" time="55.326" errors="0">
  <testcase name="LoginPage" time="55.326" classname="Rough.Rough1"/>
</testsuite> <!-- Rough.Rough1 -->
